0 info it worked if it ends with ok
1 verbose cli [ '/usr/bin/node', '/usr/bin/npm', 'version', 'patch' ]
2 info using npm@3.5.2
3 info using node@v8.10.0
4 info git [ 'status', '--porcelain' ]
5 info lifecycle svf_lib_tester@1.0.4~preversion: svf_lib_tester@1.0.4
6 silly lifecycle svf_lib_tester@1.0.4~preversion: no script for preversion, continuing
7 verbose version.write data { name: 'svf_lib_tester',
7 verbose version.write   version: '1.0.4',
7 verbose version.write   description: 'A static library for the open source tool SVF. This library allow user to use llvm as a third party library.',
7 verbose version.write   main: 'index.js',
7 verbose version.write   scripts: { postinstall: './llvm_install.sh' },
7 verbose version.write   repository:
7 verbose version.write    { type: 'git',
7 verbose version.write      url: 'git+https://github.com/JasonZhongZexin/SVF-Lib.git' },
7 verbose version.write   keywords: [],
7 verbose version.write   author: '',
7 verbose version.write   license: 'ISC',
7 verbose version.write   bugs: { url: 'https://github.com/JasonZhongZexin/SVF-Lib/issues' },
7 verbose version.write   homepage: 'https://github.com/JasonZhongZexin/SVF-Lib#readme' } to package.json
8 info lifecycle svf_lib_tester@1.0.4~version: svf_lib_tester@1.0.4
9 silly lifecycle svf_lib_tester@1.0.4~version: no script for version, continuing
10 info git [ 'add', 'package.json' ]
11 info git [ 'commit', '-m', '1.0.4' ]
12 info git [ 'tag', 'v1.0.4', '-am', '1.0.4' ]
13 verbose stack Error: Command failed: git tag v1.0.4 -am 1.0.4
13 verbose stack fatal: tag 'v1.0.4' already exists
13 verbose stack
13 verbose stack     at ChildProcess.exithandler (child_process.js:275:12)
13 verbose stack     at emitTwo (events.js:126:13)
13 verbose stack     at ChildProcess.emit (events.js:214:7)
13 verbose stack     at maybeClose (internal/child_process.js:925:16)
13 verbose stack     at Process.ChildProcess._handle.onexit (internal/child_process.js:209:5)
14 verbose cwd /home/samsung/SVF-Lib
15 error Linux 5.3.0-1029-gcp
16 error argv "/usr/bin/node" "/usr/bin/npm" "version" "patch"
17 error node v8.10.0
18 error npm  v3.5.2
19 error code 128
20 error Command failed: git tag v1.0.4 -am 1.0.4
20 error fatal: tag 'v1.0.4' already exists
21 error If you need help, you may report this error at:
21 error     <https://github.com/npm/npm/issues>
22 verbose exit [ 1, true ]
